#
# There is insufficient memory for the Java Runtime Environment to continue.
# Native memory allocation (mmap) failed to map 402653184 bytes for G1 virtual space
# Possible reasons:
#   The system is out of physical RAM or swap space
#   The process is running with CompressedOops enabled, and the Java Heap may be blocking the growth of the native heap
# Possible solutions:
#   Reduce memory load on the system
#   Increase physical memory or swap space
#   Check if swap backing store is full
#   Decrease Java heap size (-Xmx/-Xms)
#   Decrease number of Java threads
#   Decrease Java thread stack sizes (-Xss)
#   Set larger code cache with -XX:ReservedCodeCacheSize=
#   JVM is running with Zero Based Compressed Oops mode in which the Java heap is
#     placed in the first 32GB address space. The Java Heap base address is the
#     maximum limit for the native heap growth. Please use -XX:HeapBaseMinAddress
#     to set the Java Heap base and to place the Java Heap above 32GB virtual address.
# This output file may be truncated or incomplete.
#
#  Out of Memory Error (os_windows.cpp:3771), pid=1344, tid=21060
#
# JRE version:  (17.0.7) (build )
# Java VM: OpenJDK 64-Bit Server VM (17.0.7+0-b2043.56-10550314, mixed mode, sharing, tiered, compressed oops, compressed class ptrs, g1 gc, windows-amd64)
# No core dump will be written. Minidumps are not enabled by default on client versions of Windows
#

---------------  S U M M A R Y ------------

Command Line: org.jetbrains.kotlin.cli.jvm.K2JVMCompiler @C:\Users\cuney\AndroidStudioProjects\Retinentia_v2\app\build\20240103_1794748345004855408.compiler.options

Host: Intel(R) Core(TM) i7-7700HQ CPU @ 2.80GHz, 8 cores, 23G,  Windows 10 , 64 bit Build 19041 (10.0.19041.3636)
Time: Wed Jan  3 13:47:25 2024 Türkiye Standard Time elapsed time: 0.012950 seconds (0d 0h 0m 0s)

---------------  T H R E A D  ---------------

Current thread (0x0000021c1fc2c0b0):  JavaThread "Unknown thread" [_thread_in_vm, id=21060, stack(0x00000043e9100000,0x00000043e9200000)]

Stack: [0x00000043e9100000,0x00000043e9200000]
Native frames: (J=compiled Java code, j=interpreted, Vv=VM code, C=native code)
V  [jvm.dll+0x683bfa]
V  [jvm.dll+0x8430a4]
V  [jvm.dll+0x8449be]
V  [jvm.dll+0x845023]
V  [jvm.dll+0x24ad2f]
V  [jvm.dll+0x680ac9]
V  [jvm.dll+0x67519a]
V  [jvm.dll+0x30b3cb]
V  [jvm.dll+0x312876]
V  [jvm.dll+0x36221e]
V  [jvm.dll+0x36244f]
V  [jvm.dll+0x2e14a8]
V  [jvm.dll+0x2e2414]
V  [jvm.dll+0x814391]
V  [jvm.dll+0x36ffe1]
V  [jvm.dll+0x7f396c]
V  [jvm.dll+0x3f305f]
V  [jvm.dll+0x3f4b91]
C  [jli.dll+0x528f]
C  [ucrtbase.dll+0x21bb2]
C  [KERNEL32.DLL+0x17344]
C  [ntdll.dll+0x526b1]


---------------  P R O C E S S  ---------------

Threads class SMR info:
_java_thread_list=0x00007ffffd86d098, length=0, elements={
}

Java Threads: ( => current thread )

Other Threads:
  0x0000021c1fcb8630 GCTaskThread "GC Thread#0" [stack: 0x00000043e9200000,0x00000043e9300000] [id=2356]
  0x0000021c1fcc5480 ConcurrentGCThread "G1 Main Marker" [stack: 0x00000043e9300000,0x00000043e9400000] [id=20812]
  0x0000021c1fcc6630 ConcurrentGCThread "G1 Conc#0" [stack: 0x00000043e9400000,0x00000043e9500000] [id=10052]

[error occurred during error reporting (printing all threads), id 0xc0000005, EXCEPTION_ACCESS_VIOLATION (0xc0000005) at pc=0x00007ffffd022087]

VM state: not at safepoint (not fully initialized)

VM Mutex/Monitor currently owned by a thread:  ([mutex/lock_event])
[0x0000021c1fc17cc0] Heap_lock - owner thread: 0x0000021c1fc2c0b0

Heap address: 0x0000000681c00000, size: 6116 MB, Compressed Oops mode: Zero based, Oop shift amount: 3

CDS archive(s) mapped at: [0x0000000000000000-0x0000000000000000-0x0000000000000000), size 0, SharedBaseAddress: 0x0000000800000000, ArchiveRelocationMode: 0.
Narrow klass base: 0x0000000000000000, Narrow klass shift: 0, Narrow klass range: 0x0

GC Precious Log:
<Empty>

Heap:
 garbage-first heap   total 0K, used 0K [0x0000000681c00000, 0x0000000800000000)
  region size 4096K, 0 young (0K), 0 survivors (0K)
 Metaspace       used 0K, committed 0K, reserved 0K
  class space    used 0K, committed 0K, reserved 0K

Heap Regions: E=young(eden), S=young(survivor), O=old, HS=humongous(starts), HC=humongous(continues), CS=collection set, F=free, OA=open archive, CA=closed archive, TAMS=top-at-mark-start (previous, next)

Card table byte_map: [0x0000021c33040000,0x0000021c33c40000] _byte_map_base: 0x0000021c2fc32000

Marking Bits (Prev, Next): (CMBitMap*) 0x0000021c1fcb8c40, (CMBitMap*) 0x0000021c1fcb8c80
 Prev Bits: [0x0000021c34840000, 0x0000021c3a7d0000)
 Next Bits: [0x0000021c3a7d0000, 0x0000021c40760000)

GC Heap History (0 events):
No events

Dll operation events (1 events):
Event: 0.008 Loaded shared library D:\Programs\Android\Android Studio\jbr\bin\java.dll

Deoptimization events (0 events):
No events

Classes unloaded (0 events):
No events

Classes redefined (0 events):
No events

Internal exceptions (0 events):
No events

VM Operations (0 events):
No events

Events (0 events):
No events


Dynamic libraries:
0x00007ff6c3d40000 - 0x00007ff6c3d4a000 	D:\Programs\Android\Android Studio\jbr\bin\java.exe
0x00007ff891e30000 - 0x00007ff892028000 	C:\WINDOWS\SYSTEM32\ntdll.dll
0x00007ff891d30000 - 0x00007ff891ded000 	C:\WINDOWS\System32\KERNEL32.DLL
0x00007ff88f750000 - 0x00007ff88fa46000 	C:\WINDOWS\System32\KERNELBASE.dll
0x00007ff88f580000 - 0x00007ff88f680000 	C:\WINDOWS\System32\ucrtbase.dll
0x00007ff859510000 - 0x00007ff859527000 	D:\Programs\Android\Android Studio\jbr\bin\jli.dll
0x00007ff859280000 - 0x00007ff85929b000 	D:\Programs\Android\Android Studio\jbr\bin\VCRUNTIME140.dll
0x00007ff8919a0000 - 0x00007ff891b3e000 	C:\WINDOWS\System32\USER32.dll
0x00007ff88fa50000 - 0x00007ff88fa72000 	C:\WINDOWS\System32\win32u.dll
0x00007ff877c70000 - 0x00007ff877f0a000 	C:\WINDOWS\WinSxS\amd64_microsoft.windows.common-controls_6595b64144ccf1df_6.0.19041.3636_none_60b6a03d71f818d5\COMCTL32.dll
0x00007ff890e20000 - 0x00007ff890e4c000 	C:\WINDOWS\System32\GDI32.dll
0x00007ff891b40000 - 0x00007ff891bde000 	C:\WINDOWS\System32\msvcrt.dll
0x00007ff88fad0000 - 0x00007ff88fbea000 	C:\WINDOWS\System32\gdi32full.dll
0x00007ff88f680000 - 0x00007ff88f71d000 	C:\WINDOWS\System32\msvcp_win.dll
0x00007ff891910000 - 0x00007ff891940000 	C:\WINDOWS\System32\IMM32.DLL
0x00007ff85fe30000 - 0x00007ff85fe3c000 	D:\Programs\Android\Android Studio\jbr\bin\vcruntime140_1.dll
0x00007ff804710000 - 0x00007ff80479d000 	D:\Programs\Android\Android Studio\jbr\bin\msvcp140.dll
0x00007ffffcd30000 - 0x00007ffffd9b0000 	D:\Programs\Android\Android Studio\jbr\bin\server\jvm.dll
0x00007ff891bf0000 - 0x00007ff891c9f000 	C:\WINDOWS\System32\ADVAPI32.dll
0x00007ff890bc0000 - 0x00007ff890c5c000 	C:\WINDOWS\System32\sechost.dll
0x00007ff891370000 - 0x00007ff891496000 	C:\WINDOWS\System32\RPCRT4.dll
0x00007ff870010000 - 0x00007ff870019000 	C:\WINDOWS\SYSTEM32\WSOCK32.dll
0x00007ff891300000 - 0x00007ff89136b000 	C:\WINDOWS\System32\WS2_32.dll
0x00007ff8876d0000 - 0x00007ff8876da000 	C:\WINDOWS\SYSTEM32\VERSION.dll
0x00007ff879030000 - 0x00007ff879057000 	C:\WINDOWS\SYSTEM32\WINMM.dll
0x00007ff88dd20000 - 0x00007ff88dd32000 	C:\WINDOWS\SYSTEM32\kernel.appcore.dll
0x00007ff88ac90000 - 0x00007ff88ac9a000 	D:\Programs\Android\Android Studio\jbr\bin\jimage.dll
0x00007ff88db00000 - 0x00007ff88dce4000 	C:\WINDOWS\SYSTEM32\DBGHELP.DLL
0x00007ff87cbd0000 - 0x00007ff87cc04000 	C:\WINDOWS\SYSTEM32\dbgcore.DLL
0x00007ff88fbf0000 - 0x00007ff88fc72000 	C:\WINDOWS\System32\bcryptPrimitives.dll
0x00007ff8723d0000 - 0x00007ff8723f5000 	D:\Programs\Android\Android Studio\jbr\bin\java.dll

dbghelp: loaded successfully - version: 4.0.5 - missing functions: none
symbol engine: initialized successfully - sym options: 0x614 - pdb path: .;D:\Programs\Android\Android Studio\jbr\bin;C:\WINDOWS\SYSTEM32;C:\WINDOWS\WinSxS\amd64_microsoft.windows.common-controls_6595b64144ccf1df_6.0.19041.3636_none_60b6a03d71f818d5;D:\Programs\Android\Android Studio\jbr\bin\server

VM Arguments:
java_command: org.jetbrains.kotlin.cli.jvm.K2JVMCompiler @C:\Users\cuney\AndroidStudioProjects\Retinentia_v2\app\build\20240103_1794748345004855408.compiler.options
java_class_path (initial): C:\Users\cuney\.gradle\caches\modules-2\files-2.1\org.jetbrains.kotlin\kotlin-compiler-embeddable\1.9.0\2c8c3a7402becca891f12739b3e9fd2dc2adbd7a\kotlin-compiler-embeddable-1.9.0.jar;C:\Users\cuney\.gradle\caches\modules-2\files-2.1\org.jetbrains.kotlin\kotlin-stdlib\1.9.0\8ee15ef0c67dc83d874f412d84378d7f0eb50b63\kotlin-stdlib-1.9.0.jar;C:\Users\cuney\.gradle\caches\modules-2\files-2.1\org.jetbrains.kotlin\kotlin-script-runtime\1.9.0\4b3102cbbb7e1b58d9d1adf89563f00069ffa7d1\kotlin-script-runtime-1.9.0.jar;C:\Users\cuney\.gradle\caches\modules-2\files-2.1\org.jetbrains.kotlin\kotlin-reflect\1.6.10\1cbe9c92c12a94eea200d23c2bbaedaf3daf5132\kotlin-reflect-1.6.10.jar;C:\Users\cuney\.gradle\caches\modules-2\files-2.1\org.jetbrains.kotlin\kotlin-daemon-embeddable\1.9.0\186543f5e28cf8d9a0290fecc2cf34301c40a65c\kotlin-daemon-embeddable-1.9.0.jar;C:\Users\cuney\.gradle\caches\modules-2\files-2.1\org.jetbrains.intellij.deps\trove4j\1.0.20200330\3afb14d5f9ceb459d724e907a21145e8ff394f02\trove4j-1.0.20200330.jar;C:\Users\cuney\.gradle\caches\modules-2\files-2.1\org.jetbrains.kotlin\kotlin-stdlib-common\1.9.0\cd65c21cfd1eec4d44ef09f9f52b6d9f8a720636\kotlin-stdlib-common-1.9.0.jar;C:\Users\cuney\.gradle\caches\modules-2\files-2.1\org.jetbrains\annotations\13.0\919f0dfe192fb4e063e7dacadee7f8bb9a2672a9\annotations-13.0.jar
Launcher Type: SUN_STANDARD

[Global flags]
     intx CICompilerCount                          = 4                                         {product} {ergonomic}
     uint ConcGCThreads                            = 2                                         {product} {ergonomic}
     uint G1ConcRefinementThreads                  = 8                                         {product} {ergonomic}
   size_t G1HeapRegionSize                         = 4194304                                   {product} {ergonomic}
    uintx GCDrainStackTargetSize                   = 64                                        {product} {ergonomic}
   size_t InitialHeapSize                          = 402653184                                 {product} {ergonomic}
   size_t MarkStackSize                            = 4194304                                   {product} {ergonomic}
   size_t MaxHeapSize                              = 6413090816                                {product} {ergonomic}
   size_t MinHeapDeltaBytes                        = 4194304                                   {product} {ergonomic}
   size_t MinHeapSize                              = 8388608                                   {product} {ergonomic}
    uintx NonNMethodCodeHeapSize                   = 5839372                                {pd product} {ergonomic}
    uintx NonProfiledCodeHeapSize                  = 122909434                              {pd product} {ergonomic}
    uintx ProfiledCodeHeapSize                     = 122909434                              {pd product} {ergonomic}
    uintx ReservedCodeCacheSize                    = 251658240                              {pd product} {ergonomic}
     bool SegmentedCodeCache                       = true                                      {product} {ergonomic}
   size_t SoftMaxHeapSize                          = 6413090816                             {manageable} {ergonomic}
     bool UseCompressedClassPointers               = true                           {product lp64_product} {ergonomic}
     bool UseCompressedOops                        = true                           {product lp64_product} {ergonomic}
     bool UseG1GC                                  = true                                      {product} {ergonomic}
     bool UseLargePagesIndividualAllocation        = false                                  {pd product} {ergonomic}

Logging:
Log output configuration:
 #0: stdout all=warning uptime,level,tags
 #1: stderr all=off uptime,level,tags

Environment Variables:
PATH=D:\Programs\NVIDIA GPU Computing Toolkit\CUDA\v11.0\bin;D:\Programs\NVIDIA GPU Computing Toolkit\CUDA\v11.0\libnvvp;C:\Program Files (x86)\Windows Resource Kits\Tools\;C:\Program Files (x86)\NVIDIA Corporation\PhysX\Common;C:\Program Files\Common Files\Oracle\Java\javapath;C:\Program Files (x86)\Common Files\Oracle\Java\javapath;C:\WINDOWS\system32;C:\WINDOWS;C:\WINDOWS\System32\Wbem;C:\WINDOWS\System32\WindowsPowerShell\v1.0\;C:\WINDOWS\System32\OpenSSH\;C:\Program Files\Git\cmd;C:\Dev\apache-maven-3.8.3\bin;C:\Program Files\Java\jre1.8.0_311\bin;C:\ProgramData\Anaconda3\condabin;C:\Dev\fluidsynth-2.1.7-win10-x64\bin;C:\Program Files\Amazon\AWSCLIV2\;C:\Program Files (x86)\MariaDB\MariaDB Connector C\lib\;C:\Program Files (x86)\MariaDB\MariaDB Connector C\lib\plugin\;C:\Program Files\MariaDB\MariaDB Connector C 64-bit\lib\;C:\Program Files\MariaDB\MariaDB Connector C 64-bit\lib\plugin\;C:\Program Files\Calibre2\;C:\Program Files\Intel\WiFi\bin\;C:\Program Files\Common Files\Intel\WirelessCommon\;C:\Program Files\MySQL\MySQL Server 8.0\bin;C:\Program Files\nodejs\;C:\Program Files\dotnet\;C:\Program Files (x86)\dotnet;C:\Program Files\Microsoft SQL Server\150\Tools\Binn\;C:\WINDOWS\system32;C:\WINDOWS;C:\WINDOWS\System32\Wbem;C:\WINDOWS\System32\WindowsPowerShell\v1.0\;C:\WINDOWS\System32\OpenSSH\;D:\Programs\text-generation-webui-main\installer_files\conda\condabin;C:\Program Files\NVIDIA Corporation\Nsight Compute 2020.1.1\;D:\Programs\Utilities;C:\Program Files\CMake\bin;D:\Programs\Utilities\GnuWin32\bin;C:\Program Files (x86)\Windows Kits\10\Windows Performance Toolkit\;D:\Programs\Utilities\Bzip2\bin;C:\Users\cuney\.cargo\bin;C:\Users\cuney\AppData\Local\Programs\Python\Python311\Scripts\;C:\Users\cuney\AppData\Local\Programs\Python\Python311\;C:\Users\cuney\AppData\Local\Microsoft\WindowsApps;D:\Programs\NVIDIA GPU Computing Toolkit\CUDA\v11.0\bin;D:\Programs\NVIDIA GPU Computing Toolkit\CUDA\v11.0\libnvvp;C:\Users\cuney\.dotnet\tools;D:\Programs\Microsoft 
USERNAME=cuney
OS=Windows_NT
PROCESSOR_IDENTIFIER=Intel64 Family 6 Model 158 Stepping 9, GenuineIntel
TMP=C:\Users\cuney\AppData\Local\Temp
TEMP=C:\Users\cuney\AppData\Local\Temp


JNI global refs:
JNI global refs: 0, weak refs: 0

JNI global refs memory usage: 0, weak refs: 0

OOME stack traces (most recent first):
Classloader memory used:


---------------  S Y S T E M  ---------------

OS:
 Windows 10 , 64 bit Build 19041 (10.0.19041.3636)
OS uptime: 1 days 15:18 hours
Hyper-V role detected

CPU: total 8 (initial active 8) (4 cores per cpu, 2 threads per core) family 6 model 158 stepping 9 microcode 0xb4, cx8, cmov, fxsr, ht, mmx, 3dnowpref, sse, sse2, sse3, ssse3, sse4.1, sse4.2, popcnt, lzcnt, tsc, tscinvbit, avx, avx2, aes, erms, clmul, bmi1, bmi2, adx, fma, vzeroupper, clflush, clflushopt, hv

Memory: 4k page, system-wide physical 24457M (6616M free)
TotalPageFile size 27457M (AvailPageFile size 265M)
current process WorkingSet (physical memory assigned to process): 10M, peak: 10M
current process commit charge ("private bytes"): 60M, peak: 444M

vm_info: OpenJDK 64-Bit Server VM (17.0.7+0-b2043.56-10550314) for windows-amd64 JRE (17.0.7+0-b2043.56-10550314), built on Jul 24 2023 18:27:45 by "androidbuild" with MS VC++ 16.10 / 16.11 (VS2019)

END.
